2023-08-01T09:22:50.214Z info: Received a GET request for /uploads/file-1690870579569.png
2023-08-01T09:22:50.217Z info: Received a GET request for /uploads/file-1690870642009.png
2023-08-01T09:22:50.227Z info: Received a GET request for /uploads/file-1690872510470.png
2023-08-01T09:22:50.227Z info: Received a GET request for /uploads/file-1690872510474.png
2023-08-01T09:25:05.542Z info: Received a GET request for /uploads/file-1690870579569.png
2023-08-01T09:25:05.544Z info: Received a GET request for /uploads/file-1690870642009.png
2023-08-01T09:25:05.548Z info: Received a GET request for /uploads/file-1690872510470.png
2023-08-01T09:25:05.554Z info: Received a GET request for /uploads/file-1690872510474.png
2023-08-01T09:25:29.779Z info: Received a GET request for /uploads/file-1690870579569.png
2023-08-01T09:25:29.785Z info: Received a GET request for /uploads/file-1690870642009.png
2023-08-01T09:25:29.785Z info: Received a GET request for /uploads/file-1690872510470.png
2023-08-01T09:25:29.788Z info: Received a GET request for /uploads/file-1690872510474.png
2023-08-01T09:25:34.064Z info: Received a GET request for /uploads/file-1690870579569.png
2023-08-01T09:25:34.064Z info: Received a GET request for /uploads/file-1690870642009.png
2023-08-01T09:25:34.067Z info: Received a GET request for /uploads/file-1690872510470.png
2023-08-01T09:25:34.068Z info: Received a GET request for /uploads/file-1690872510474.png
2023-08-01T09:26:49.791Z info: Received a GET request for /uploads/file-1690870579569.png
2023-08-01T09:26:49.793Z info: Received a GET request for /uploads/file-1690870642009.png
2023-08-01T09:26:49.796Z info: Received a GET request for /uploads/file-1690872510470.png
2023-08-01T09:26:49.800Z info: Received a GET request for /uploads/file-1690872510474.png
2023-08-02T11:34:57.856Z info: Received a GET request for /dashboard
2023-08-03T18:22:44.162Z info: Received a GET request for /getAllUsers
2023-08-03T18:22:44.182Z info: Received a GET request for /getAllUsers
2023-08-04T09:23:08.555Z info: Received a GET request for /main.ef77af48460592868dbf.hot-update.json
2023-08-04T11:45:00.675Z info: Received a GET request for /main.b1a2ae4a7d56be3a99fb.hot-update.json
2023-08-05T05:32:10.259Z info: Received a GET request for /public/uploads/file-1691213529782.jpg
2023-08-05T05:32:12.081Z info: Received a GET request for /public/uploads/file-1691213529782.jpg
2023-08-05T05:32:12.083Z info: Received a GET request for /public/uploads/file-1691213529774.jpg
2023-08-05T05:32:28.537Z info: Received a GET request for /public/uploads/file-1691213529782.jpg
2023-08-05T05:32:28.540Z info: Received a GET request for /public/uploads/file-1691213529774.jpg
2023-08-05T05:32:28.543Z info: Received a GET request for /public/uploads/file-1691213546557.jpg
2023-08-05T05:32:28.566Z info: Received a GET request for /public/uploads/file-1691213546552.jpg
2023-08-05T05:46:27.932Z info: Received a GET request for /public/uploads/file-1691213529782.jpg
2023-08-05T05:46:27.990Z info: Received a GET request for /public/uploads/file-1691213529774.jpg
2023-08-05T05:46:27.992Z info: Received a GET request for /public/uploads/file-1691213546557.jpg
2023-08-05T05:46:28.025Z info: Received a GET request for /public/uploads/file-1691213546552.jpg
2023-08-05T05:46:40.432Z info: Received a GET request for /public/uploads/file-1691214399749.jpg
2023-08-05T05:48:41.254Z info: Received a GET request for /public/uploads/file-1691213529782.jpg
2023-08-05T05:48:41.279Z info: Received a GET request for /public/uploads/file-1691213529774.jpg
2023-08-05T05:48:41.281Z info: Received a GET request for /public/uploads/file-1691213546557.jpg
2023-08-05T05:48:41.286Z info: Received a GET request for /public/uploads/file-1691213546552.jpg
2023-08-05T05:48:41.531Z info: Received a GET request for /public/uploads/file-1691214399749.jpg
2023-08-05T05:50:18.161Z info: Received a GET request for /public/uploads/file-1691214616226.jpg
2023-08-05T06:25:06.259Z info: Received a GET request for /public/uploads/file-1691214616226.jpg
2023-08-06T00:55:38.126Z info: Received a GET request for /main.e349e7dd7909e52541f1.hot-update.json
2023-08-06T12:16:17.548Z info: Received a GET request for /...
2023-08-06T17:40:16.910Z info: Received a GET request for /uploads/file-1691339297051.jpeg
2023-08-06T17:40:17.214Z info: Received a GET request for /uploads/file-1691238226151.jpeg
2023-08-06T17:41:40.756Z info: Received a GET request for /uploads/file-1691238226151.jpeg
2023-08-08T04:18:20.819Z info: Received a GET request for /NewsImg1
2023-08-08T04:18:20.889Z info: Received a GET request for /NewsImg2
2023-08-08T04:18:21.059Z info: Received a GET request for /NewsImg3
2023-08-08T04:18:34.536Z info: Received a GET request for /NewsImg1
2023-08-08T04:18:34.540Z info: Received a GET request for /NewsImg2
2023-08-08T04:18:34.540Z info: Received a GET request for /NewsImg3
2023-08-08T04:19:22.038Z info: Received a GET request for /[object%20Object]
2023-08-08T04:19:22.185Z info: Received a GET request for /NewsImg2
2023-08-08T04:19:22.344Z info: Received a GET request for /NewsImg3
2023-08-08T04:19:22.347Z info: Received a GET request for /NewsImg1
2023-08-08T04:19:31.797Z info: Received a GET request for /%7BNewsImg1%7D
2023-08-08T04:19:32.123Z info: Received a GET request for /NewsImg2
2023-08-08T04:19:32.124Z info: Received a GET request for /NewsImg3
2023-08-08T04:19:32.125Z info: Received a GET request for /NewsImg1
2023-08-08T04:19:33.453Z info: Received a GET request for /Images/future.png
2023-08-08T04:19:33.455Z info: Received a GET request for /NewsImg2
2023-08-08T04:19:33.765Z info: Received a GET request for /NewsImg3
2023-08-08T04:19:33.766Z info: Received a GET request for /NewsImg1
2023-08-08T04:19:47.741Z info: Received a GET request for /Images/future.png
2023-08-08T04:19:47.742Z info: Received a GET request for /NewsImg2
2023-08-08T04:19:47.743Z info: Received a GET request for /NewsImg3
2023-08-08T04:19:48.053Z info: Received a GET request for /NewsImg1
2023-08-08T04:20:06.817Z info: Received a GET request for /[object%20Object]
2023-08-08T04:20:06.819Z info: Received a GET request for /NewsImg2
2023-08-08T04:20:07.120Z info: Received a GET request for /NewsImg3
2023-08-08T04:20:07.127Z info: Received a GET request for /NewsImg1
2023-08-08T04:20:13.796Z info: Received a GET request for /NewsImg1
2023-08-08T04:20:13.797Z info: Received a GET request for /NewsImg2
2023-08-08T04:20:14.193Z info: Received a GET request for /NewsImg3
2023-08-09T03:12:06.514Z info: Received a GET request for /main.e417e8528545c3aabf4b.hot-update.json
2023-08-09T04:41:10.522Z info: Received a GET request for /gallery
